<?xml version="1.0" encoding="UTF-8"?>
<coverage generated="1626935617601" clover="3.2.0">
  <project timestamp="1626935617601" name="All files">
    <metrics statements="83" coveredstatements="69" conditionals="40" coveredconditionals="22" methods="10" coveredmethods="10" elements="133" coveredelements="101" complexity="0" loc="83" ncloc="83" packages="1" files="1" classes="1"/>
    <file name="verb.ts" path="/Users/jonathanjefferies/Documents/conjugator-api/src/services/verb.ts">
      <metrics statements="83" coveredstatements="69" conditionals="40" coveredconditionals="22" methods="10" coveredmethods="10"/>
      <line num="3" count="1" type="stmt"/>
      <line num="4" count="3" type="stmt"/>
      <line num="8" count="3" type="stmt"/>
      <line num="9" count="3" type="stmt"/>
      <line num="10" count="3" type="stmt"/>
      <line num="12" count="3" type="stmt"/>
      <line num="14" count="3" type="stmt"/>
      <line num="15" count="3" type="stmt"/>
      <line num="17" count="3" type="stmt"/>
      <line num="18" count="3" type="stmt"/>
      <line num="19" count="3" type="stmt"/>
      <line num="21" count="3" type="stmt"/>
      <line num="23" count="3" type="stmt"/>
      <line num="26" count="1" type="stmt"/>
      <line num="27" count="3" type="stmt"/>
      <line num="28" count="3" type="stmt"/>
      <line num="29" count="3" type="stmt"/>
      <line num="30" count="3" type="stmt"/>
      <line num="33" count="1" type="stmt"/>
      <line num="34" count="3" type="stmt"/>
      <line num="36" count="3" type="cond" truecount="1" falsecount="1"/>
      <line num="37" count="3" type="stmt"/>
      <line num="39" count="3" type="stmt"/>
      <line num="40" count="3" type="stmt"/>
      <line num="43" count="0" type="stmt"/>
      <line num="44" count="0" type="stmt"/>
      <line num="46" count="0" type="stmt"/>
      <line num="50" count="3" type="stmt"/>
      <line num="53" count="1" type="stmt"/>
      <line num="55" count="3" type="stmt"/>
      <line num="57" count="3" type="cond" truecount="1" falsecount="1"/>
      <line num="58" count="3" type="stmt"/>
      <line num="60" count="3" type="stmt"/>
      <line num="61" count="3" type="stmt"/>
      <line num="64" count="0" type="stmt"/>
      <line num="65" count="0" type="stmt"/>
      <line num="67" count="0" type="stmt"/>
      <line num="71" count="3" type="stmt"/>
      <line num="75" count="1" type="stmt"/>
      <line num="77" count="3" type="stmt"/>
      <line num="78" count="3" type="cond" truecount="1" falsecount="3"/>
      <line num="86" count="0" type="stmt"/>
      <line num="94" count="0" type="stmt"/>
      <line num="104" count="0" type="stmt"/>
      <line num="109" count="1" type="stmt"/>
      <line num="111" count="3" type="stmt"/>
      <line num="112" count="3" type="cond" truecount="1" falsecount="3"/>
      <line num="121" count="0" type="stmt"/>
      <line num="131" count="0" type="stmt"/>
      <line num="135" count="1" type="stmt"/>
      <line num="137" count="3" type="stmt"/>
      <line num="138" count="3" type="cond" truecount="1" falsecount="3"/>
      <line num="147" count="0" type="stmt"/>
      <line num="157" count="0" type="stmt"/>
      <line num="161" count="1" type="stmt"/>
      <line num="162" count="9" type="stmt"/>
      <line num="165" count="9" type="cond" truecount="2" falsecount="0"/>
      <line num="166" count="3" type="stmt"/>
      <line num="169" count="9" type="cond" truecount="2" falsecount="0"/>
      <line num="170" count="3" type="stmt"/>
      <line num="173" count="9" type="cond" truecount="2" falsecount="0"/>
      <line num="174" count="3" type="stmt"/>
      <line num="177" count="9" type="stmt"/>
      <line num="178" count="9" type="stmt"/>
      <line num="179" count="9" type="stmt"/>
      <line num="180" count="9" type="stmt"/>
      <line num="181" count="9" type="stmt"/>
      <line num="182" count="9" type="stmt"/>
      <line num="184" count="9" type="stmt"/>
      <line num="185" count="9" type="stmt"/>
      <line num="189" count="1" type="stmt"/>
      <line num="190" count="3" type="stmt"/>
      <line num="191" count="3" type="cond" truecount="1" falsecount="1"/>
      <line num="192" count="0" type="stmt"/>
      <line num="195" count="3" type="cond" truecount="2" falsecount="0"/>
      <line num="196" count="1" type="stmt"/>
      <line num="199" count="2" type="stmt"/>
      <line num="203" count="1" type="stmt"/>
      <line num="205" count="54" type="cond" truecount="2" falsecount="0"/>
      <line num="210" count="36" type="cond" truecount="4" falsecount="0"/>
      <line num="211" count="4" type="stmt"/>
      <line num="212" count="4" type="stmt"/>
      <line num="217" count="50" type="stmt"/>
    </file>
  </project>
</coverage>
