{"/Users/jonathanjefferies/Documents/conjugator-api/src/services/verb.ts": {"path":"/Users/jonathanjefferies/Documents/conjugator-api/src/services/verb.ts","statementMap":{"0":{"start":{"line":3,"column":25},"end":{"line":24,"column":1}},"1":{"start":{"line":4,"column":21},"end":{"line":6,"column":null}},"2":{"start":{"line":8,"column":24},"end":{"line":8,"column":50}},"3":{"start":{"line":9,"column":4},"end":{"line":9,"column":31}},"4":{"start":{"line":10,"column":4},"end":{"line":10,"column":31}},"5":{"start":{"line":12,"column":4},"end":{"line":12,"column":42}},"6":{"start":{"line":14,"column":4},"end":{"line":14,"column":70}},"7":{"start":{"line":15,"column":4},"end":{"line":15,"column":78}},"8":{"start":{"line":17,"column":4},"end":{"line":17,"column":81}},"9":{"start":{"line":18,"column":4},"end":{"line":18,"column":83}},"10":{"start":{"line":19,"column":4},"end":{"line":19,"column":85}},"11":{"start":{"line":21,"column":25},"end":{"line":21,"column":29}},"12":{"start":{"line":23,"column":4},"end":{"line":23,"column":16}},"13":{"start":{"line":3,"column":13},"end":{"line":3,"column":25}},"14":{"start":{"line":26,"column":23},"end":{"line":31,"column":1}},"15":{"start":{"line":27,"column":16},"end":{"line":27,"column":33}},"16":{"start":{"line":28,"column":17},"end":{"line":28,"column":46}},"17":{"start":{"line":29,"column":17},"end":{"line":29,"column":50}},"18":{"start":{"line":30,"column":4},"end":{"line":30,"column":26}},"19":{"start":{"line":33,"column":24},"end":{"line":51,"column":1}},"20":{"start":{"line":34,"column":16},"end":{"line":34,"column":18}},"21":{"start":{"line":36,"column":4},"end":{"line":48,"column":null}},"22":{"start":{"line":37,"column":8},"end":{"line":47,"column":null}},"23":{"start":{"line":39,"column":16},"end":{"line":39,"column":31}},"24":{"start":{"line":40,"column":14},"end":{"line":40,"column":20}},"25":{"start":{"line":43,"column":16},"end":{"line":43,"column":32}},"26":{"start":{"line":44,"column":14},"end":{"line":44,"column":20}},"27":{"start":{"line":46,"column":16},"end":{"line":46,"column":36}},"28":{"start":{"line":50,"column":4},"end":{"line":50,"column":29}},"29":{"start":{"line":53,"column":28},"end":{"line":73,"column":1}},"30":{"start":{"line":55,"column":16},"end":{"line":55,"column":18}},"31":{"start":{"line":57,"column":4},"end":{"line":69,"column":null}},"32":{"start":{"line":58,"column":8},"end":{"line":68,"column":null}},"33":{"start":{"line":60,"column":16},"end":{"line":60,"column":30}},"34":{"start":{"line":61,"column":14},"end":{"line":61,"column":20}},"35":{"start":{"line":64,"column":16},"end":{"line":64,"column":30}},"36":{"start":{"line":65,"column":14},"end":{"line":65,"column":20}},"37":{"start":{"line":67,"column":16},"end":{"line":67,"column":36}},"38":{"start":{"line":71,"column":4},"end":{"line":71,"column":29}},"39":{"start":{"line":75,"column":30},"end":{"line":107,"column":1}},"40":{"start":{"line":77,"column":4},"end":{"line":105,"column":null}},"41":{"start":{"line":78,"column":19},"end":{"line":85,"column":null}},"42":{"start":{"line":86,"column":19},"end":{"line":93,"column":null}},"43":{"start":{"line":94,"column":19},"end":{"line":101,"column":null}},"44":{"start":{"line":104,"column":12},"end":{"line":104,"column":24}},"45":{"start":{"line":109,"column":31},"end":{"line":133,"column":1}},"46":{"start":{"line":111,"column":4},"end":{"line":132,"column":null}},"47":{"start":{"line":112,"column":19},"end":{"line":119,"column":null}},"48":{"start":{"line":121,"column":19},"end":{"line":128,"column":null}},"49":{"start":{"line":131,"column":12},"end":{"line":131,"column":24}},"50":{"start":{"line":135,"column":32},"end":{"line":159,"column":1}},"51":{"start":{"line":137,"column":4},"end":{"line":158,"column":null}},"52":{"start":{"line":138,"column":19},"end":{"line":145,"column":null}},"53":{"start":{"line":147,"column":19},"end":{"line":154,"column":null}},"54":{"start":{"line":157,"column":12},"end":{"line":157,"column":24}},"55":{"start":{"line":161,"column":23},"end":{"line":186,"column":1}},"56":{"start":{"line":162,"column":23},"end":{"line":162,"column":25}},"57":{"start":{"line":165,"column":4},"end":{"line":167,"column":null}},"58":{"start":{"line":166,"column":8},"end":{"line":166,"column":46}},"59":{"start":{"line":169,"column":4},"end":{"line":171,"column":null}},"60":{"start":{"line":170,"column":8},"end":{"line":170,"column":47}},"61":{"start":{"line":173,"column":4},"end":{"line":175,"column":null}},"62":{"start":{"line":174,"column":8},"end":{"line":174,"column":48}},"63":{"start":{"line":177,"column":4},"end":{"line":177,"column":123}},"64":{"start":{"line":178,"column":4},"end":{"line":178,"column":126}},"65":{"start":{"line":179,"column":4},"end":{"line":179,"column":123}},"66":{"start":{"line":180,"column":4},"end":{"line":180,"column":117}},"67":{"start":{"line":181,"column":4},"end":{"line":181,"column":120}},"68":{"start":{"line":182,"column":4},"end":{"line":182,"column":117}},"69":{"start":{"line":184,"column":26},"end":{"line":184,"column":32}},"70":{"start":{"line":185,"column":4},"end":{"line":185,"column":16}},"71":{"start":{"line":189,"column":19},"end":{"line":200,"column":1}},"72":{"start":{"line":190,"column":16},"end":{"line":190,"column":47}},"73":{"start":{"line":191,"column":4},"end":{"line":193,"column":null}},"74":{"start":{"line":192,"column":8},"end":{"line":192,"column":22}},"75":{"start":{"line":195,"column":4},"end":{"line":197,"column":null}},"76":{"start":{"line":196,"column":8},"end":{"line":196,"column":22}},"77":{"start":{"line":199,"column":4},"end":{"line":199,"column":18}},"78":{"start":{"line":203,"column":28},"end":{"line":219,"column":1}},"79":{"start":{"line":205,"column":4},"end":{"line":215,"column":null}},"80":{"start":{"line":210,"column":8},"end":{"line":213,"column":null}},"81":{"start":{"line":211,"column":27},"end":{"line":211,"column":46}},"82":{"start":{"line":212,"column":12},"end":{"line":212,"column":68}},"83":{"start":{"line":217,"column":4},"end":{"line":217,"column":30}}},"fnMap":{"0":{"name":"(anonymous_0)","decl":{"start":{"line":3,"column":25},"end":{"line":3,"column":26}},"loc":{"start":{"line":3,"column":48},"end":{"line":24,"column":1}}},"1":{"name":"(anonymous_1)","decl":{"start":{"line":26,"column":23},"end":{"line":26,"column":24}},"loc":{"start":{"line":26,"column":49},"end":{"line":31,"column":1}}},"2":{"name":"(anonymous_2)","decl":{"start":{"line":33,"column":24},"end":{"line":33,"column":25}},"loc":{"start":{"line":33,"column":57},"end":{"line":51,"column":1}}},"3":{"name":"(anonymous_3)","decl":{"start":{"line":53,"column":28},"end":{"line":53,"column":29}},"loc":{"start":{"line":53,"column":62},"end":{"line":73,"column":1}}},"4":{"name":"(anonymous_4)","decl":{"start":{"line":75,"column":30},"end":{"line":75,"column":31}},"loc":{"start":{"line":75,"column":49},"end":{"line":107,"column":1}}},"5":{"name":"(anonymous_5)","decl":{"start":{"line":109,"column":31},"end":{"line":109,"column":32}},"loc":{"start":{"line":109,"column":50},"end":{"line":133,"column":1}}},"6":{"name":"(anonymous_6)","decl":{"start":{"line":135,"column":32},"end":{"line":135,"column":33}},"loc":{"start":{"line":135,"column":41},"end":{"line":159,"column":1}}},"7":{"name":"(anonymous_7)","decl":{"start":{"line":161,"column":23},"end":{"line":161,"column":24}},"loc":{"start":{"line":161,"column":65},"end":{"line":186,"column":1}}},"8":{"name":"(anonymous_8)","decl":{"start":{"line":189,"column":19},"end":{"line":189,"column":20}},"loc":{"start":{"line":189,"column":34},"end":{"line":200,"column":1}}},"9":{"name":"(anonymous_9)","decl":{"start":{"line":203,"column":28},"end":{"line":203,"column":29}},"loc":{"start":{"line":203,"column":74},"end":{"line":219,"column":1}}}},"branchMap":{"0":{"loc":{"start":{"line":36,"column":4},"end":{"line":48,"column":null}},"type":"if","locations":[{"start":{"line":36,"column":4},"end":{"line":48,"column":null}},{"start":{"line":36,"column":4},"end":{"line":48,"column":null}}]},"1":{"loc":{"start":{"line":38,"column":12},"end":{"line":40,"column":20}},"type":"switch","locations":[{"start":{"line":38,"column":12},"end":{"line":40,"column":20}},{"start":{"line":41,"column":12},"end":{"line":41,"column":22}},{"start":{"line":42,"column":12},"end":{"line":44,"column":20}},{"start":{"line":45,"column":12},"end":{"line":46,"column":36}}]},"2":{"loc":{"start":{"line":57,"column":4},"end":{"line":69,"column":null}},"type":"if","locations":[{"start":{"line":57,"column":4},"end":{"line":69,"column":null}},{"start":{"line":57,"column":4},"end":{"line":69,"column":null}}]},"3":{"loc":{"start":{"line":59,"column":12},"end":{"line":61,"column":20}},"type":"switch","locations":[{"start":{"line":59,"column":12},"end":{"line":61,"column":20}},{"start":{"line":62,"column":12},"end":{"line":62,"column":22}},{"start":{"line":63,"column":12},"end":{"line":65,"column":20}},{"start":{"line":66,"column":12},"end":{"line":67,"column":36}}]},"4":{"loc":{"start":{"line":78,"column":8},"end":{"line":85,"column":null}},"type":"switch","locations":[{"start":{"line":78,"column":8},"end":{"line":85,"column":null}},{"start":{"line":86,"column":8},"end":{"line":93,"column":null}},{"start":{"line":94,"column":8},"end":{"line":101,"column":null}},{"start":{"line":103,"column":8},"end":{"line":104,"column":24}}]},"5":{"loc":{"start":{"line":112,"column":8},"end":{"line":119,"column":null}},"type":"switch","locations":[{"start":{"line":112,"column":8},"end":{"line":119,"column":null}},{"start":{"line":120,"column":8},"end":{"line":120,"column":18}},{"start":{"line":121,"column":8},"end":{"line":128,"column":null}},{"start":{"line":130,"column":8},"end":{"line":131,"column":24}}]},"6":{"loc":{"start":{"line":138,"column":8},"end":{"line":145,"column":null}},"type":"switch","locations":[{"start":{"line":138,"column":8},"end":{"line":145,"column":null}},{"start":{"line":146,"column":8},"end":{"line":146,"column":18}},{"start":{"line":147,"column":8},"end":{"line":154,"column":null}},{"start":{"line":156,"column":8},"end":{"line":157,"column":24}}]},"7":{"loc":{"start":{"line":165,"column":4},"end":{"line":167,"column":null}},"type":"if","locations":[{"start":{"line":165,"column":4},"end":{"line":167,"column":null}},{"start":{"line":165,"column":4},"end":{"line":167,"column":null}}]},"8":{"loc":{"start":{"line":169,"column":4},"end":{"line":171,"column":null}},"type":"if","locations":[{"start":{"line":169,"column":4},"end":{"line":171,"column":null}},{"start":{"line":169,"column":4},"end":{"line":171,"column":null}}]},"9":{"loc":{"start":{"line":173,"column":4},"end":{"line":175,"column":null}},"type":"if","locations":[{"start":{"line":173,"column":4},"end":{"line":175,"column":null}},{"start":{"line":173,"column":4},"end":{"line":175,"column":null}}]},"10":{"loc":{"start":{"line":191,"column":4},"end":{"line":193,"column":null}},"type":"if","locations":[{"start":{"line":191,"column":4},"end":{"line":193,"column":null}},{"start":{"line":191,"column":4},"end":{"line":193,"column":null}}]},"11":{"loc":{"start":{"line":195,"column":4},"end":{"line":197,"column":null}},"type":"if","locations":[{"start":{"line":195,"column":4},"end":{"line":197,"column":null}},{"start":{"line":195,"column":4},"end":{"line":197,"column":null}}]},"12":{"loc":{"start":{"line":205,"column":4},"end":{"line":215,"column":null}},"type":"if","locations":[{"start":{"line":205,"column":4},"end":{"line":215,"column":null}},{"start":{"line":205,"column":4},"end":{"line":215,"column":null}}]},"13":{"loc":{"start":{"line":210,"column":8},"end":{"line":213,"column":null}},"type":"if","locations":[{"start":{"line":210,"column":8},"end":{"line":213,"column":null}},{"start":{"line":210,"column":8},"end":{"line":213,"column":null}}]},"14":{"loc":{"start":{"line":210,"column":11},"end":{"line":210,"column":30}},"type":"binary-expr","locations":[{"start":{"line":210,"column":11},"end":{"line":210,"column":30}},{"start":{"line":210,"column":34},"end":{"line":210,"column":61}}]}},"s":{"0":1,"1":3,"2":3,"3":3,"4":3,"5":3,"6":3,"7":3,"8":3,"9":3,"10":3,"11":3,"12":3,"13":1,"14":1,"15":3,"16":3,"17":3,"18":3,"19":1,"20":3,"21":3,"22":3,"23":3,"24":3,"25":0,"26":0,"27":0,"28":3,"29":1,"30":3,"31":3,"32":3,"33":3,"34":3,"35":0,"36":0,"37":0,"38":3,"39":1,"40":3,"41":3,"42":0,"43":0,"44":0,"45":1,"46":3,"47":3,"48":0,"49":0,"50":1,"51":3,"52":3,"53":0,"54":0,"55":1,"56":9,"57":9,"58":3,"59":9,"60":3,"61":9,"62":3,"63":9,"64":9,"65":9,"66":9,"67":9,"68":9,"69":9,"70":9,"71":1,"72":3,"73":3,"74":0,"75":3,"76":1,"77":2,"78":1,"79":54,"80":36,"81":4,"82":4,"83":50},"f":{"0":3,"1":3,"2":3,"3":3,"4":3,"5":3,"6":3,"7":9,"8":3,"9":54},"b":{"0":[3,0],"1":[3,0,0,0],"2":[3,0],"3":[3,0,0,0],"4":[3,0,0,0],"5":[3,0,0,0],"6":[3,0,0,0],"7":[3,6],"8":[3,6],"9":[3,6],"10":[0,3],"11":[1,2],"12":[36,18],"13":[4,32],"14":[36,12]}}
}
