TN:
SF:src/services/verb.ts
FN:3,(anonymous_0)
FN:26,(anonymous_1)
FN:33,(anonymous_2)
FN:53,(anonymous_3)
FN:75,(anonymous_4)
FN:109,(anonymous_5)
FN:135,(anonymous_6)
FN:161,(anonymous_7)
FN:189,(anonymous_8)
FN:203,(anonymous_9)
FNF:10
FNH:10
FNDA:3,(anonymous_0)
FNDA:3,(anonymous_1)
FNDA:3,(anonymous_2)
FNDA:3,(anonymous_3)
FNDA:3,(anonymous_4)
FNDA:3,(anonymous_5)
FNDA:3,(anonymous_6)
FNDA:9,(anonymous_7)
FNDA:3,(anonymous_8)
FNDA:54,(anonymous_9)
DA:3,1
DA:4,3
DA:8,3
DA:9,3
DA:10,3
DA:12,3
DA:14,3
DA:15,3
DA:17,3
DA:18,3
DA:19,3
DA:21,3
DA:23,3
DA:26,1
DA:27,3
DA:28,3
DA:29,3
DA:30,3
DA:33,1
DA:34,3
DA:36,3
DA:37,3
DA:39,3
DA:40,3
DA:43,0
DA:44,0
DA:46,0
DA:50,3
DA:53,1
DA:55,3
DA:57,3
DA:58,3
DA:60,3
DA:61,3
DA:64,0
DA:65,0
DA:67,0
DA:71,3
DA:75,1
DA:77,3
DA:78,3
DA:86,0
DA:94,0
DA:104,0
DA:109,1
DA:111,3
DA:112,3
DA:121,0
DA:131,0
DA:135,1
DA:137,3
DA:138,3
DA:147,0
DA:157,0
DA:161,1
DA:162,9
DA:165,9
DA:166,3
DA:169,9
DA:170,3
DA:173,9
DA:174,3
DA:177,9
DA:178,9
DA:179,9
DA:180,9
DA:181,9
DA:182,9
DA:184,9
DA:185,9
DA:189,1
DA:190,3
DA:191,3
DA:192,0
DA:195,3
DA:196,1
DA:199,2
DA:203,1
DA:205,54
DA:210,36
DA:211,4
DA:212,4
DA:217,50
LF:83
LH:69
BRDA:36,0,0,3
BRDA:36,0,1,0
BRDA:38,1,0,3
BRDA:38,1,1,0
BRDA:38,1,2,0
BRDA:38,1,3,0
BRDA:57,2,0,3
BRDA:57,2,1,0
BRDA:59,3,0,3
BRDA:59,3,1,0
BRDA:59,3,2,0
BRDA:59,3,3,0
BRDA:78,4,0,3
BRDA:78,4,1,0
BRDA:78,4,2,0
BRDA:78,4,3,0
BRDA:112,5,0,3
BRDA:112,5,1,0
BRDA:112,5,2,0
BRDA:112,5,3,0
BRDA:138,6,0,3
BRDA:138,6,1,0
BRDA:138,6,2,0
BRDA:138,6,3,0
BRDA:165,7,0,3
BRDA:165,7,1,6
BRDA:169,8,0,3
BRDA:169,8,1,6
BRDA:173,9,0,3
BRDA:173,9,1,6
BRDA:191,10,0,0
BRDA:191,10,1,3
BRDA:195,11,0,1
BRDA:195,11,1,2
BRDA:205,12,0,36
BRDA:205,12,1,18
BRDA:210,13,0,4
BRDA:210,13,1,32
BRDA:210,14,0,36
BRDA:210,14,1,12
BRF:40
BRH:22
end_of_record
